<?xml version="1.0" encoding="UTF-8"?>
<!-- Generated by org.testng.reporters.JUnitXMLReporter -->
<testsuite ignored="7" hostname="DESKTOP-91HRFE0" failures="1" tests="18" name="Test" time="162.854" errors="0" timestamp="2022-12-10T16:43:53 IST">
  <testcase classname="Test.LoginPageTest1" name="LoginPageLogo" time="2.123"/>
  <testcase classname="Test.LoginPageTest1" name="forgetPasswordLink" time="0.575"/>
  <testcase classname="Test.LoginPageTest1" name="LoginButtonDisplay" time="0.563"/>
  <testcase classname="Test.LoginPageTest1" name="HiringTitleTest" time="0.011"/>
  <testcase classname="Test.LoginPageTest1" name="UserPageTest" time="10.643"/>
  <testcase classname="Test.LoginPageTest1" name="LogoTest" time="1.122"/>
  <testcase classname="Test.UsersPageTest2" name="AddUserTest1" time="29.201"/>
  <testcase classname="Test.UsersPageTest2" name="DeleteUsers" time="10.327"/>
  <testcase classname="Test.UsersPageTest2" name="AdAgency" time="13.442"/>
  <testcase classname="Test.UsersPageTest2" name="SearchAgency" time="2.362"/>
  <testcase classname="Test.UsersPageTest2" name="deleteAgency" time="3.305"/>
  <testcase classname="Test.UsersPageTest2" name="SearchingJd" time="3.885"/>
  <testcase classname="Test.UsersPageTest2" name="addJD" time="37.653"/>
  <testcase classname="Test.UsersPageTest2" name="ViewProfileJD" time="11.418"/>
  <testcase classname="Test.UsersPageTest2" name="panelistAdd" time="7.687"/>
  <testcase classname="Test.UsersPageTest2" name="addingSlots" time="20.796"/>
  <testcase classname="Test.UsersPageTest2" name="searchingPanelists" time="6.296"/>
  <testcase classname="Test.UsersPageTest2" name="editingPanelists" time="1.062">
    <failure type="org.openqa.selenium.StaleElementReferenceException" message="stale element reference: element is not attached to the page document
  (Session info: chrome=108.0.5359.99)
For documentation on this error, please visit: https://selenium.dev/exceptions/#stale_element_reference
Build info: version: &amp;apos;4.4.0&amp;apos;, revision: &amp;apos;e5c75ed026a&amp;apos;
System info: host: &amp;apos;DESKTOP-91HRFE0&amp;apos;, ip: &amp;apos;192.168.1.144&amp;apos;, os.name: &amp;apos;Windows 10&amp;apos;, os.arch: &amp;apos;amd64&amp;apos;, os.version: &amp;apos;10.0&amp;apos;, java.version: &amp;apos;18.0.2&amp;apos;
Driver info: org.openqa.selenium.chrome.ChromeDriver
Command: [c47538838f671e503d0bdc12032811f9, clickElement {id=545ba66e-4e39-49f2-b3c0-e5fc045611ee}]
Capabilities {acceptInsecureCerts: false, browserName: chrome, browserVersion: 108.0.5359.99, chrome: {chromedriverVersion: 107.0.5304.62 (1eec40d3a576..., userDataDir: C:\Users\BRIGOS~1\AppData\L...}, goog:chromeOptions: {debuggerAddress: localhost:57575}, networkConnectionEnabled: false, pageLoadStrategy: normal, platformName: WINDOWS, proxy: Proxy(), se:cdp: ws://localhost:57575/devtoo..., se:cdpVersion: 108.0.5359.99, setWindowRect: true, strictFileInteractability: false, timeouts: {implicit: 0, pageLoad: 300000, script: 30000}, unhandledPromptBehavior: dismiss and notify, webauthn:extension:credBlob: true, webauthn:extension:largeBlob: true, webauthn:virtualAuthenticators: true}
Element: [[ChromeDriver: chrome on WINDOWS (c47538838f671e503d0bdc12032811f9)] -&amp;gt; xpath: (//span[@class=&amp;apos;anticon anticon-edit&amp;apos;])[1]]
Session ID: c47538838f671e503d0bdc12032811f9">
      <![CDATA[org.openqa.selenium.StaleElementReferenceException: stale element reference: element is not attached to the page document
  (Session info: chrome=108.0.5359.99)
For documentation on this error, please visit: https://selenium.dev/exceptions/#stale_element_reference
Build info: version: '4.4.0', revision: 'e5c75ed026a'
System info: host: 'DESKTOP-91HRFE0', ip: '192.168.1.144', os.name: 'Windows 10', os.arch: 'amd64', os.version: '10.0', java.version: '18.0.2'
Driver info: org.openqa.selenium.chrome.ChromeDriver
Command: [c47538838f671e503d0bdc12032811f9, clickElement {id=545ba66e-4e39-49f2-b3c0-e5fc045611ee}]
Capabilities {acceptInsecureCerts: false, browserName: chrome, browserVersion: 108.0.5359.99, chrome: {chromedriverVersion: 107.0.5304.62 (1eec40d3a576..., userDataDir: C:\Users\BRIGOS~1\AppData\L...}, goog:chromeOptions: {debuggerAddress: localhost:57575}, networkConnectionEnabled: false, pageLoadStrategy: normal, platformName: WINDOWS, proxy: Proxy(), se:cdp: ws://localhost:57575/devtoo..., se:cdpVersion: 108.0.5359.99, setWindowRect: true, strictFileInteractability: false, timeouts: {implicit: 0, pageLoad: 300000, script: 30000}, unhandledPromptBehavior: dismiss and notify, webauthn:extension:credBlob: true, webauthn:extension:largeBlob: true, webauthn:virtualAuthenticators: true}
Element: [[ChromeDriver: chrome on WINDOWS (c47538838f671e503d0bdc12032811f9)] -> xpath: (//span[@class='anticon anticon-edit'])[1]]
Session ID: c47538838f671e503d0bdc12032811f9
at org.openqa.selenium.remote.codec.w3c.W3CHttpResponseCodec.createException(W3CHttpResponseCodec.java:200)
at org.openqa.selenium.remote.codec.w3c.W3CHttpResponseCodec.decode(W3CHttpResponseCodec.java:133)
at org.openqa.selenium.remote.codec.w3c.W3CHttpResponseCodec.decode(W3CHttpResponseCodec.java:53)
at org.openqa.selenium.remote.HttpCommandExecutor.execute(HttpCommandExecutor.java:184)
at org.openqa.selenium.remote.service.DriverCommandExecutor.invokeExecute(DriverCommandExecutor.java:167)
at org.openqa.selenium.remote.service.DriverCommandExecutor.execute(DriverCommandExecutor.java:142)
at org.openqa.selenium.remote.RemoteWebDriver.execute(RemoteWebDriver.java:547)
at org.openqa.selenium.remote.RemoteWebElement.execute(RemoteWebElement.java:257)
at org.openqa.selenium.remote.RemoteWebElement.click(RemoteWebElement.java:78)
at PageOrder.PanelistsPage.EditPanelist(PanelistsPage.java:216)
at Test.UsersPageTest2.editingPanelists(UsersPageTest2.java:204)
at java.base/java.util.ArrayList.forEach(ArrayList.java:1511)
... Removed 28 stack frames]]>
    </failure>
  </testcase> <!-- editingPanelists -->
  <testcase classname="Test.JobsPageTest" name="addJD" time="0.0">
    <ignored/>
  </testcase> <!-- addJD -->
  <testcase classname="Test.PanelistsPageTest3" name="editingPanelists" time="0.0">
    <ignored/>
  </testcase> <!-- editingPanelists -->
  <testcase classname="Test.PanelistsPageTest3" name="searchingPanelists" time="0.0">
    <ignored/>
  </testcase> <!-- searchingPanelists -->
  <testcase classname="BaseB.BaseT" name="@BeforeSuite initilization" time="0.0">
    <ignored/>
  </testcase> <!-- @BeforeSuite initilization -->
  <testcase classname="BaseB.BaseT" name="@BeforeSuite initilization" time="0.0">
    <ignored/>
  </testcase> <!-- @BeforeSuite initilization -->
  <testcase classname="BaseB.BaseT" name="@BeforeSuite initilization" time="0.0">
    <ignored/>
  </testcase> <!-- @BeforeSuite initilization -->
  <testcase classname="Test.PanelistsPageTest3" name="panelistAdd" time="0.0">
    <ignored/>
  </testcase> <!-- panelistAdd -->
</testsuite> <!-- Test -->
