<?xml version="1.0" encoding="UTF-8"?>
<!-- Generated by org.testng.reporters.JUnitXMLReporter -->
<testsuite ignored="7" hostname="DESKTOP-91HRFE0" failures="0" tests="24" name="Test" time="346.658" errors="0" timestamp="2022-12-27T11:12:38 IST">
  <testcase classname="Test.LoginPageTest1" name="LoginPageLogo" time="2.311"/>
  <testcase classname="Test.LoginPageTest1" name="forgetPasswordLink" time="0.714"/>
  <testcase classname="Test.LoginPageTest1" name="LoginButtonDisplay" time="0.567"/>
  <testcase classname="Test.LoginPageTest1" name="HiringTitleTest" time="0.012"/>
  <testcase classname="Test.LoginPageTest1" name="UserPageTest" time="10.716"/>
  <testcase classname="Test.LoginPageTest1" name="LogoTest" time="1.782"/>
  <testcase classname="Test.UsersPageTest2" name="AddUserTest1" time="29.139"/>
  <testcase classname="Test.UsersPageTest2" name="DeleteUsers" time="5.312"/>
  <testcase classname="Test.UsersPageTest2" name="AdAgency" time="13.882"/>
  <testcase classname="Test.UsersPageTest2" name="SearchAgency" time="2.435"/>
  <testcase classname="Test.UsersPageTest2" name="deleteAgency" time="3.428"/>
  <testcase classname="Test.UsersPageTest2" name="SearchingJd" time="3.915"/>
  <testcase classname="Test.UsersPageTest2" name="addJD" time="37.506"/>
  <testcase classname="Test.UsersPageTest2" name="ViewProfileJD" time="12.175"/>
  <testcase classname="Test.UsersPageTest2" name="ViewrejectProfile" time="49.314"/>
  <testcase classname="Test.UsersPageTest2" name="ViewDuplicateProf" time="53.849"/>
  <testcase classname="Test.UsersPageTest2" name="panelistAdd" time="10.969"/>
  <testcase classname="Test.UsersPageTest2" name="addingSlots" time="35.229"/>
  <testcase classname="Test.UsersPageTest2" name="searchingPanelists" time="6.038"/>
  <testcase classname="Test.UsersPageTest2" name="editingPanelists" time="4.578"/>
  <testcase classname="Test.UsersPageTest2" name="panelistOverviewDisplay" time="12.738"/>
  <testcase classname="Test.UsersPageTest2" name="jobProfilesDisplay" time="14.173"/>
  <testcase classname="Test.UsersPageTest2" name="recruitersDisplay" time="24.194"/>
  <testcase classname="Test.UsersPageTest2" name="hrRoundDataDisplay" time="11.12"/>
  <testcase classname="Test.JobsPageTest" name="addJD" time="0.0">
    <ignored/>
  </testcase> <!-- addJD -->
  <testcase classname="Test.PanelistsPageTest3" name="editingPanelists" time="0.0">
    <ignored/>
  </testcase> <!-- editingPanelists -->
  <testcase classname="Test.PanelistsPageTest3" name="searchingPanelists" time="0.0">
    <ignored/>
  </testcase> <!-- searchingPanelists -->
  <testcase classname="BaseB.BaseT" name="@BeforeSuite initilization" time="0.0">
    <ignored/>
  </testcase> <!-- @BeforeSuite initilization -->
  <testcase classname="BaseB.BaseT" name="@BeforeSuite initilization" time="0.0">
    <ignored/>
  </testcase> <!-- @BeforeSuite initilization -->
  <testcase classname="BaseB.BaseT" name="@BeforeSuite initilization" time="0.0">
    <ignored/>
  </testcase> <!-- @BeforeSuite initilization -->
  <testcase classname="Test.PanelistsPageTest3" name="panelistAdd" time="0.0">
    <ignored/>
  </testcase> <!-- panelistAdd -->
</testsuite> <!-- Test -->
