<?xml version="1.0" encoding="UTF-8"?>
<testng-results ignored="7" total="31" passed="22" failed="2" skipped="0">
  <reporter-output>
  </reporter-output>
  <suite started-at="2023-01-02T21:11:59 IST" name="Suite" finished-at="2023-01-02T21:17:56 IST" duration-ms="356750">
    <groups>
      <group name="UserPage">
        <method signature="LoginPageTest1.UserPageTest()[pri:4, instance:Test.LoginPageTest1@8f4ea7c]" name="UserPageTest" class="Test.LoginPageTest1"/>
      </group> <!-- UserPage -->
    </groups>
    <test started-at="2023-01-02T21:11:59 IST" name="Test" finished-at="2023-01-02T21:17:56 IST" duration-ms="356750">
      <class name="Test.UsersPageTest2">
        <test-method is-config="true" signature="objectInitiate()[pri:0, instance:Test.UsersPageTest2@36902638]" started-at="2023-01-02T21:12:15 IST" name="objectInitiate" finished-at="2023-01-02T21:12:15 IST" duration-ms="42" status="PASS">
          <reporter-output>
          </reporter-output>
        </test-method> <!-- objectInitiate -->
        <test-method signature="AddUserTest1()[pri:6, instance:Test.UsersPageTest2@36902638]" started-at="2023-01-02T21:12:15 IST" name="AddUserTest1" depends-on-groups="UserPage" finished-at="2023-01-02T21:12:45 IST" duration-ms="29616" status="PASS">
          <reporter-output>
          </reporter-output>
        </test-method> <!-- AddUserTest1 -->
        <test-method signature="DeleteUsers()[pri:7, instance:Test.UsersPageTest2@36902638]" started-at="2023-01-02T21:12:45 IST" name="DeleteUsers" finished-at="2023-01-02T21:12:51 IST" duration-ms="5644" status="PASS">
          <reporter-output>
          </reporter-output>
        </test-method> <!-- DeleteUsers -->
        <test-method signature="AdAgency()[pri:8, instance:Test.UsersPageTest2@36902638]" started-at="2023-01-02T21:12:51 IST" name="AdAgency" finished-at="2023-01-02T21:13:05 IST" duration-ms="14780" status="PASS">
          <reporter-output>
          </reporter-output>
        </test-method> <!-- AdAgency -->
        <test-method signature="SearchAgency()[pri:9, instance:Test.UsersPageTest2@36902638]" started-at="2023-01-02T21:13:05 IST" name="SearchAgency" finished-at="2023-01-02T21:13:08 IST" duration-ms="2650" status="PASS">
          <reporter-output>
          </reporter-output>
        </test-method> <!-- SearchAgency -->
        <test-method signature="deleteAgency()[pri:10, instance:Test.UsersPageTest2@36902638]" started-at="2023-01-02T21:13:08 IST" name="deleteAgency" finished-at="2023-01-02T21:13:08 IST" duration-ms="3" status="FAIL">
          <exception class="java.lang.NullPointerException">
            <message>
              <![CDATA[Cannot invoke "org.openqa.selenium.WebElement.click()" because the return value of "PageOrder.UsersPage.DeleteAgncy(String)" is null]]>
            </message>
            <full-stacktrace>
              <![CDATA[java.lang.NullPointerException: Cannot invoke "org.openqa.selenium.WebElement.click()" because the return value of "PageOrder.UsersPage.DeleteAgncy(String)" is null
at PageOrder.UsersPage.deleteAgencyAj(UsersPage.java:280)
at Test.UsersPageTest2.deleteAgency(UsersPageTest2.java:85)
at java.base/jdk.internal.reflect.NativeMethodAccessorImpl.invoke0(Native Method)
at java.base/jdk.internal.reflect.NativeMethodAccessorImpl.invoke(NativeMethodAccessorImpl.java:77)
at java.base/jdk.internal.reflect.DelegatingMethodAccessorImpl.invoke(DelegatingMethodAccessorImpl.java:43)
at java.base/java.lang.reflect.Method.invoke(Method.java:568)
at org.testng.internal.MethodInvocationHelper.invokeMethod(MethodInvocationHelper.java:133)
at org.testng.internal.TestInvoker.invokeMethod(TestInvoker.java:598)
at org.testng.internal.TestInvoker.invokeTestMethod(TestInvoker.java:173)
at org.testng.internal.MethodRunner.runInSequence(MethodRunner.java:46)
at org.testng.internal.TestInvoker$MethodInvocationAgent.invoke(TestInvoker.java:824)
at org.testng.internal.TestInvoker.invokeTestMethods(TestInvoker.java:146)
at org.testng.internal.TestMethodWorker.invokeTestMethods(TestMethodWorker.java:146)
at org.testng.internal.TestMethodWorker.run(TestMethodWorker.java:128)
at java.base/java.util.ArrayList.forEach(ArrayList.java:1511)
at org.testng.TestRunner.privateRun(TestRunner.java:794)
at org.testng.TestRunner.run(TestRunner.java:596)
at org.testng.SuiteRunner.runTest(SuiteRunner.java:377)
at org.testng.SuiteRunner.runSequentially(SuiteRunner.java:371)
at org.testng.SuiteRunner.privateRun(SuiteRunner.java:332)
at org.testng.SuiteRunner.run(SuiteRunner.java:276)
at org.testng.SuiteRunnerWorker.runSuite(SuiteRunnerWorker.java:53)
at org.testng.SuiteRunnerWorker.run(SuiteRunnerWorker.java:96)
at org.testng.TestNG.runSuitesSequentially(TestNG.java:1212)
at org.testng.TestNG.runSuitesLocally(TestNG.java:1134)
at org.testng.TestNG.runSuites(TestNG.java:1063)
at org.testng.TestNG.run(TestNG.java:1031)
at org.testng.remote.AbstractRemoteTestNG.run(AbstractRemoteTestNG.java:115)
at org.testng.remote.RemoteTestNG.initAndRun(RemoteTestNG.java:251)
at org.testng.remote.RemoteTestNG.main(RemoteTestNG.java:77)
]]>
            </full-stacktrace>
          </exception> <!-- java.lang.NullPointerException -->
          <reporter-output>
          </reporter-output>
        </test-method> <!-- deleteAgency -->
        <test-method signature="SearchingJd()[pri:11, instance:Test.UsersPageTest2@36902638]" started-at="2023-01-02T21:13:08 IST" name="SearchingJd" finished-at="2023-01-02T21:13:12 IST" duration-ms="3852" status="PASS">
          <reporter-output>
          </reporter-output>
        </test-method> <!-- SearchingJd -->
        <test-method signature="addJD()[pri:12, instance:Test.UsersPageTest2@36902638]" started-at="2023-01-02T21:13:12 IST" name="addJD" finished-at="2023-01-02T21:13:52 IST" duration-ms="40287" status="PASS">
          <reporter-output>
          </reporter-output>
        </test-method> <!-- addJD -->
        <test-method signature="ViewProfileJD()[pri:13, instance:Test.UsersPageTest2@36902638]" started-at="2023-01-02T21:13:52 IST" name="ViewProfileJD" finished-at="2023-01-02T21:14:05 IST" duration-ms="12920" status="PASS">
          <reporter-output>
          </reporter-output>
        </test-method> <!-- ViewProfileJD -->
        <test-method signature="ViewrejectProfile()[pri:14, instance:Test.UsersPageTest2@36902638]" started-at="2023-01-02T21:14:05 IST" name="ViewrejectProfile" finished-at="2023-01-02T21:14:59 IST" duration-ms="53944" status="PASS">
          <reporter-output>
          </reporter-output>
        </test-method> <!-- ViewrejectProfile -->
        <test-method signature="ViewDuplicateProf()[pri:15, instance:Test.UsersPageTest2@36902638]" started-at="2023-01-02T21:14:59 IST" name="ViewDuplicateProf" finished-at="2023-01-02T21:16:04 IST" duration-ms="65356" status="FAIL">
          <exception class="org.openqa.selenium.NoSuchElementException">
            <message>
              <![CDATA[no such element: Unable to locate element: {"method":"xpath","selector":"//textarea[@name='shortlisterComment']"}
  (Session info: chrome=108.0.5359.125)
For documentation on this error, please visit: https://selenium.dev/exceptions/#no_such_element
Build info: version: '4.4.0', revision: 'e5c75ed026a'
System info: host: 'DESKTOP-91HRFE0', ip: '192.168.1.28', os.name: 'Windows 10', os.arch: 'amd64', os.version: '10.0', java.version: '17.0.5'
Driver info: org.openqa.selenium.chrome.ChromeDriver
Command: [e7fd54643a76e6a1c3e825ede862621f, findElement {using=xpath, value=//textarea[@name='shortlisterComment']}]
Capabilities {acceptInsecureCerts: false, browserName: chrome, browserVersion: 108.0.5359.125, chrome: {chromedriverVersion: 107.0.5304.62 (1eec40d3a576..., userDataDir: C:\Users\BRIGOS~1\AppData\L...}, goog:chromeOptions: {debuggerAddress: localhost:60520}, networkConnectionEnabled: false, pageLoadStrategy: normal, platformName: WINDOWS, proxy: Proxy(), se:cdp: ws://localhost:60520/devtoo..., se:cdpVersion: 108.0.5359.125, setWindowRect: true, strictFileInteractability: false, timeouts: {implicit: 0, pageLoad: 300000, script: 30000}, unhandledPromptBehavior: dismiss and notify, webauthn:extension:credBlob: true, webauthn:extension:largeBlob: true, webauthn:virtualAuthenticators: true}
Session ID: e7fd54643a76e6a1c3e825ede862621f]]>
            </message>
            <full-stacktrace>
              <![CDATA[org.openqa.selenium.NoSuchElementException: no such element: Unable to locate element: {"method":"xpath","selector":"//textarea[@name='shortlisterComment']"}
  (Session info: chrome=108.0.5359.125)
For documentation on this error, please visit: https://selenium.dev/exceptions/#no_such_element
Build info: version: '4.4.0', revision: 'e5c75ed026a'
System info: host: 'DESKTOP-91HRFE0', ip: '192.168.1.28', os.name: 'Windows 10', os.arch: 'amd64', os.version: '10.0', java.version: '17.0.5'
Driver info: org.openqa.selenium.chrome.ChromeDriver
Command: [e7fd54643a76e6a1c3e825ede862621f, findElement {using=xpath, value=//textarea[@name='shortlisterComment']}]
Capabilities {acceptInsecureCerts: false, browserName: chrome, browserVersion: 108.0.5359.125, chrome: {chromedriverVersion: 107.0.5304.62 (1eec40d3a576..., userDataDir: C:\Users\BRIGOS~1\AppData\L...}, goog:chromeOptions: {debuggerAddress: localhost:60520}, networkConnectionEnabled: false, pageLoadStrategy: normal, platformName: WINDOWS, proxy: Proxy(), se:cdp: ws://localhost:60520/devtoo..., se:cdpVersion: 108.0.5359.125, setWindowRect: true, strictFileInteractability: false, timeouts: {implicit: 0, pageLoad: 300000, script: 30000}, unhandledPromptBehavior: dismiss and notify, webauthn:extension:credBlob: true, webauthn:extension:largeBlob: true, webauthn:virtualAuthenticators: true}
Session ID: e7fd54643a76e6a1c3e825ede862621f
at java.base/jdk.internal.reflect.NativeConstructorAccessorImpl.newInstance0(Native Method)
at java.base/jdk.internal.reflect.NativeConstructorAccessorImpl.newInstance(NativeConstructorAccessorImpl.java:77)
at java.base/jdk.internal.reflect.DelegatingConstructorAccessorImpl.newInstance(DelegatingConstructorAccessorImpl.java:45)
at java.base/java.lang.reflect.Constructor.newInstanceWithCaller(Constructor.java:499)
at java.base/java.lang.reflect.Constructor.newInstance(Constructor.java:480)
at org.openqa.selenium.remote.codec.w3c.W3CHttpResponseCodec.createException(W3CHttpResponseCodec.java:200)
at org.openqa.selenium.remote.codec.w3c.W3CHttpResponseCodec.decode(W3CHttpResponseCodec.java:133)
at org.openqa.selenium.remote.codec.w3c.W3CHttpResponseCodec.decode(W3CHttpResponseCodec.java:53)
at org.openqa.selenium.remote.HttpCommandExecutor.execute(HttpCommandExecutor.java:184)
at org.openqa.selenium.remote.service.DriverCommandExecutor.invokeExecute(DriverCommandExecutor.java:167)
at org.openqa.selenium.remote.service.DriverCommandExecutor.execute(DriverCommandExecutor.java:142)
at org.openqa.selenium.remote.RemoteWebDriver.execute(RemoteWebDriver.java:547)
at org.openqa.selenium.remote.ElementLocation$ElementFinder$2.findElement(ElementLocation.java:162)
at org.openqa.selenium.remote.ElementLocation.findElement(ElementLocation.java:60)
at org.openqa.selenium.remote.RemoteWebDriver.findElement(RemoteWebDriver.java:365)
at org.openqa.selenium.remote.RemoteWebDriver.findElement(RemoteWebDriver.java:357)
at org.openqa.selenium.support.pagefactory.DefaultElementLocator.findElement(DefaultElementLocator.java:70)
at org.openqa.selenium.support.pagefactory.internal.LocatingElementHandler.invoke(LocatingElementHandler.java:39)
at jdk.proxy2/jdk.proxy2.$Proxy17.sendKeys(Unknown Source)
at PageOrder.JobsPage.ViewProfileDuplicate(JobsPage.java:649)
at Test.UsersPageTest2.ViewDuplicateProf(UsersPageTest2.java:189)
at java.base/jdk.internal.reflect.NativeMethodAccessorImpl.invoke0(Native Method)
at java.base/jdk.internal.reflect.NativeMethodAccessorImpl.invoke(NativeMethodAccessorImpl.java:77)
at java.base/jdk.internal.reflect.DelegatingMethodAccessorImpl.invoke(DelegatingMethodAccessorImpl.java:43)
at java.base/java.lang.reflect.Method.invoke(Method.java:568)
at org.testng.internal.MethodInvocationHelper.invokeMethod(MethodInvocationHelper.java:133)
at org.testng.internal.TestInvoker.invokeMethod(TestInvoker.java:598)
at org.testng.internal.TestInvoker.invokeTestMethod(TestInvoker.java:173)
at org.testng.internal.MethodRunner.runInSequence(MethodRunner.java:46)
at org.testng.internal.TestInvoker$MethodInvocationAgent.invoke(TestInvoker.java:824)
at org.testng.internal.TestInvoker.invokeTestMethods(TestInvoker.java:146)
at org.testng.internal.TestMethodWorker.invokeTestMethods(TestMethodWorker.java:146)
at org.testng.internal.TestMethodWorker.run(TestMethodWorker.java:128)
at java.base/java.util.ArrayList.forEach(ArrayList.java:1511)
at org.testng.TestRunner.privateRun(TestRunner.java:794)
at org.testng.TestRunner.run(TestRunner.java:596)
at org.testng.SuiteRunner.runTest(SuiteRunner.java:377)
at org.testng.SuiteRunner.runSequentially(SuiteRunner.java:371)
at org.testng.SuiteRunner.privateRun(SuiteRunner.java:332)
at org.testng.SuiteRunner.run(SuiteRunner.java:276)
at org.testng.SuiteRunnerWorker.runSuite(SuiteRunnerWorker.java:53)
at org.testng.SuiteRunnerWorker.run(SuiteRunnerWorker.java:96)
at org.testng.TestNG.runSuitesSequentially(TestNG.java:1212)
at org.testng.TestNG.runSuitesLocally(TestNG.java:1134)
at org.testng.TestNG.runSuites(TestNG.java:1063)
at org.testng.TestNG.run(TestNG.java:1031)
at org.testng.remote.AbstractRemoteTestNG.run(AbstractRemoteTestNG.java:115)
at org.testng.remote.RemoteTestNG.initAndRun(RemoteTestNG.java:251)
at org.testng.remote.RemoteTestNG.main(RemoteTestNG.java:77)
]]>
            </full-stacktrace>
          </exception> <!-- org.openqa.selenium.NoSuchElementException -->
          <reporter-output>
          </reporter-output>
        </test-method> <!-- ViewDuplicateProf -->
        <test-method signature="panelistAdd()[pri:16, instance:Test.UsersPageTest2@36902638]" started-at="2023-01-02T21:16:04 IST" name="panelistAdd" finished-at="2023-01-02T21:16:16 IST" duration-ms="11637" status="PASS">
          <reporter-output>
          </reporter-output>
        </test-method> <!-- panelistAdd -->
        <test-method signature="addingSlots()[pri:17, instance:Test.UsersPageTest2@36902638]" started-at="2023-01-02T21:16:16 IST" name="addingSlots" finished-at="2023-01-02T21:16:39 IST" duration-ms="22499" status="PASS">
          <reporter-output>
          </reporter-output>
        </test-method> <!-- addingSlots -->
        <test-method signature="searchingPanelists()[pri:18, instance:Test.UsersPageTest2@36902638]" started-at="2023-01-02T21:16:39 IST" name="searchingPanelists" finished-at="2023-01-02T21:16:45 IST" duration-ms="6051" status="PASS">
          <reporter-output>
          </reporter-output>
        </test-method> <!-- searchingPanelists -->
        <test-method signature="editingPanelists()[pri:19, instance:Test.UsersPageTest2@36902638]" started-at="2023-01-02T21:16:45 IST" name="editingPanelists" finished-at="2023-01-02T21:16:50 IST" duration-ms="4907" status="PASS">
          <reporter-output>
          </reporter-output>
        </test-method> <!-- editingPanelists -->
        <test-method signature="panelistOverviewDisplay()[pri:20, instance:Test.UsersPageTest2@36902638]" started-at="2023-01-02T21:16:50 IST" name="panelistOverviewDisplay" finished-at="2023-01-02T21:17:03 IST" duration-ms="13816" status="PASS">
          <reporter-output>
          </reporter-output>
        </test-method> <!-- panelistOverviewDisplay -->
        <test-method signature="jobProfilesDisplay()[pri:21, instance:Test.UsersPageTest2@36902638]" started-at="2023-01-02T21:17:03 IST" name="jobProfilesDisplay" finished-at="2023-01-02T21:17:18 IST" duration-ms="14902" status="PASS">
          <reporter-output>
          </reporter-output>
        </test-method> <!-- jobProfilesDisplay -->
        <test-method signature="recruitersDisplay()[pri:22, instance:Test.UsersPageTest2@36902638]" started-at="2023-01-02T21:17:18 IST" name="recruitersDisplay" finished-at="2023-01-02T21:17:44 IST" duration-ms="25475" status="PASS">
          <reporter-output>
          </reporter-output>
        </test-method> <!-- recruitersDisplay -->
        <test-method signature="hrRoundDataDisplay()[pri:23, instance:Test.UsersPageTest2@36902638]" started-at="2023-01-02T21:17:44 IST" name="hrRoundDataDisplay" finished-at="2023-01-02T21:17:56 IST" duration-ms="12227" status="PASS">
          <reporter-output>
          </reporter-output>
        </test-method> <!-- hrRoundDataDisplay -->
      </class> <!-- Test.UsersPageTest2 -->
      <class name="Test.JobsPageTest">
        <test-method is-config="true" signature="initilization()[pri:0, instance:Test.JobsPageTest@5158b42f]" started-at="2023-01-02T21:11:54 IST" name="initilization" finished-at="2023-01-02T21:11:59 IST" duration-ms="5378" status="PASS">
          <reporter-output>
          </reporter-output>
        </test-method> <!-- initilization -->
      </class> <!-- Test.JobsPageTest -->
      <class name="Test.LoginPageTest1">
        <test-method is-config="true" signature="objectInitiate()[pri:0, instance:Test.LoginPageTest1@8f4ea7c]" started-at="2023-01-02T21:11:59 IST" name="objectInitiate" finished-at="2023-01-02T21:12:00 IST" duration-ms="168" status="PASS">
          <reporter-output>
          </reporter-output>
        </test-method> <!-- objectInitiate -->
        <test-method signature="LoginPageLogo()[pri:0, instance:Test.LoginPageTest1@8f4ea7c]" started-at="2023-01-02T21:12:00 IST" name="LoginPageLogo" finished-at="2023-01-02T21:12:02 IST" duration-ms="2294" status="PASS">
          <reporter-output>
          </reporter-output>
        </test-method> <!-- LoginPageLogo -->
        <test-method signature="forgetPasswordLink()[pri:1, instance:Test.LoginPageTest1@8f4ea7c]" started-at="2023-01-02T21:12:02 IST" name="forgetPasswordLink" finished-at="2023-01-02T21:12:02 IST" depends-on-methods="Test.LoginPageTest1.LoginPageLogo" duration-ms="582" status="PASS">
          <reporter-output>
          </reporter-output>
        </test-method> <!-- forgetPasswordLink -->
        <test-method signature="LoginButtonDisplay()[pri:2, instance:Test.LoginPageTest1@8f4ea7c]" started-at="2023-01-02T21:12:02 IST" name="LoginButtonDisplay" finished-at="2023-01-02T21:12:03 IST" depends-on-methods="Test.LoginPageTest1.forgetPasswordLink" duration-ms="556" status="PASS">
          <reporter-output>
          </reporter-output>
        </test-method> <!-- LoginButtonDisplay -->
        <test-method signature="HiringTitleTest()[pri:3, instance:Test.LoginPageTest1@8f4ea7c]" started-at="2023-01-02T21:12:03 IST" name="HiringTitleTest" finished-at="2023-01-02T21:12:03 IST" depends-on-methods="Test.LoginPageTest1.LoginButtonDisplay" duration-ms="15" status="PASS">
          <reporter-output>
          </reporter-output>
        </test-method> <!-- HiringTitleTest -->
        <test-method signature="UserPageTest()[pri:4, instance:Test.LoginPageTest1@8f4ea7c]" started-at="2023-01-02T21:12:03 IST" name="UserPageTest" finished-at="2023-01-02T21:12:14 IST" depends-on-methods="Test.LoginPageTest1.HiringTitleTest" duration-ms="10700" status="PASS">
          <reporter-output>
          </reporter-output>
        </test-method> <!-- UserPageTest -->
        <test-method signature="LogoTest()[pri:5, instance:Test.LoginPageTest1@8f4ea7c]" started-at="2023-01-02T21:12:14 IST" name="LogoTest" finished-at="2023-01-02T21:12:15 IST" duration-ms="1485" status="PASS">
          <reporter-output>
          </reporter-output>
        </test-method> <!-- LogoTest -->
      </class> <!-- Test.LoginPageTest1 -->
    </test> <!-- Test -->
  </suite> <!-- Suite -->
</testng-results>
